<?xml version="1.0" encoding="UTF-8"?>
<testsuite name="XXLChess.KingTest" tests="1" skipped="0" failures="0" errors="0" timestamp="2023-05-09T05:43:19" hostname="MacBook-Pro-6.local" time="0.029">
  <properties/>
  <testcase name="testGetMovesWithoutCheckingKing()" classname="XXLChess.KingTest" time="0.029"/>
  <system-out><![CDATA[]]></system-out>
  <system-err><![CDATA[]]></system-err>
</testsuite>
