<?xml version="1.0" encoding="UTF-8"?>
<testsuite name="XXLChess.BoardArrayTest" tests="6" skipped="0" failures="0" errors="0" timestamp="2023-05-09T01:18:48" hostname="MacBook-Pro-6.local" time="5.557">
  <properties/>
  <testcase name="testTuple()" classname="XXLChess.BoardArrayTest" time="2.209"/>
  <testcase name="testDrawTile()" classname="XXLChess.BoardArrayTest" time="2.485"/>
  <testcase name="testChessPiece()" classname="XXLChess.BoardArrayTest" time="0.74"/>
  <testcase name="testDrawPiece()" classname="XXLChess.BoardArrayTest" time="0.006"/>
  <testcase name="testBoardArray()" classname="XXLChess.BoardArrayTest" time="0.067"/>
  <testcase name="testChessTile()" classname="XXLChess.BoardArrayTest" time="0.004"/>
  <system-out><![CDATA[]]></system-out>
  <system-err><![CDATA[]]></system-err>
</testsuite>
