<?xml version="1.0" encoding="UTF-8"?>
<testsuite name="XXLChess.PawnTest" tests="2" skipped="0" failures="0" errors="0" timestamp="2023-05-09T03:11:08" hostname="MacBook-Pro-6.local" time="0.055">
  <properties/>
  <testcase name="testGetMoves()" classname="XXLChess.PawnTest" time="0.028"/>
  <testcase name="testGetMovesOnStartingRow()" classname="XXLChess.PawnTest" time="0.026"/>
  <system-out><![CDATA[]]></system-out>
  <system-err><![CDATA[]]></system-err>
</testsuite>
