<?xml version="1.0" encoding="UTF-8"?>
<testsuite name="XXLChess.BoardArrayTest" tests="6" skipped="0" failures="0" errors="0" timestamp="2023-05-09T05:43:16" hostname="MacBook-Pro-6.local" time="2.624">
  <properties/>
  <testcase name="testTuple()" classname="XXLChess.BoardArrayTest" time="0.4"/>
  <testcase name="testDrawTile()" classname="XXLChess.BoardArrayTest" time="2.126"/>
  <testcase name="testChessPiece()" classname="XXLChess.BoardArrayTest" time="0.027"/>
  <testcase name="testDrawPiece()" classname="XXLChess.BoardArrayTest" time="0.005"/>
  <testcase name="testBoardArray()" classname="XXLChess.BoardArrayTest" time="0.004"/>
  <testcase name="testChessTile()" classname="XXLChess.BoardArrayTest" time="0.001"/>
  <system-out><![CDATA[]]></system-out>
  <system-err><![CDATA[]]></system-err>
</testsuite>
