<?xml version="1.0" encoding="UTF-8"?>
<testsuite name="XXLChess.KnightTest" tests="1" skipped="0" failures="0" errors="0" timestamp="2023-05-09T05:43:19" hostname="MacBook-Pro-6.local" time="0.016">
  <properties/>
  <testcase name="testGetMoves()" classname="XXLChess.KnightTest" time="0.016"/>
  <system-out><![CDATA[]]></system-out>
  <system-err><![CDATA[]]></system-err>
</testsuite>
