<?xml version="1.0" encoding="UTF-8"?>
<testsuite name="XXLChess.AmazonTest" tests="1" skipped="0" failures="0" errors="0" timestamp="2023-05-09T03:11:02" hostname="MacBook-Pro-6.local" time="3.49">
  <properties/>
  <testcase name="testGetMoves()" classname="XXLChess.AmazonTest" time="3.49"/>
  <system-out><![CDATA[]]></system-out>
  <system-err><![CDATA[]]></system-err>
</testsuite>
