<?xml version="1.0" encoding="UTF-8"?>
<testsuite name="XXLChess.TileColourTest" tests="3" skipped="0" failures="0" errors="0" timestamp="2023-05-09T05:43:14" hostname="MacBook-Pro-6.local" time="0.492">
  <properties/>
  <testcase name="testRemoveCheck()" classname="XXLChess.TileColourTest" time="0.456"/>
  <testcase name="testRemoveTrail()" classname="XXLChess.TileColourTest" time="0.005"/>
  <testcase name="testRefreshBoard()" classname="XXLChess.TileColourTest" time="0.004"/>
  <system-out><![CDATA[]]></system-out>
  <system-err><![CDATA[]]></system-err>
</testsuite>
