<?xml version="1.0" encoding="UTF-8"?>
<testsuite name="XXLChess.ArchbishopTest" tests="1" skipped="0" failures="0" errors="0" timestamp="2023-05-09T01:33:50" hostname="MacBook-Pro-6.local" time="0.141">
  <properties/>
  <testcase name="testGetMoves()" classname="XXLChess.ArchbishopTest" time="0.141"/>
  <system-out><![CDATA[]]></system-out>
  <system-err><![CDATA[]]></system-err>
</testsuite>
