<?xml version="1.0" encoding="UTF-8"?>
<testsuite name="XXLChess.GuardTest" tests="1" skipped="0" failures="0" errors="0" timestamp="2023-05-09T03:11:08" hostname="MacBook-Pro-6.local" time="0.057">
  <properties/>
  <testcase name="testGetMoves()" classname="XXLChess.GuardTest" time="0.057"/>
  <system-out><![CDATA[]]></system-out>
  <system-err><![CDATA[]]></system-err>
</testsuite>
